<?xml version="1.0" encoding="UTF-8"?>
<!-- Generated by org.testng.reporters.JUnitReportReporter -->
<testsuite skipped="0" hostname="Lenovo" name="org.mv.seleni.MavenPackage.FacebookNG" tests="1" failures="0" timestamp="13 Mar 2018 10:45:12 GMT" time="4.140" errors="0">
  <testcase name="f" time="4.140" classname="org.mv.seleni.MavenPackage.FacebookNG"/>
</testsuite> <!-- org.mv.seleni.MavenPackage.FacebookNG -->
